<?xml version="1.0" encoding="UTF-8"?>
<!-- Generated by org.testng.reporters.JUnitXMLReporter -->
<testsuite ignored="0" hostname="Анна-HP" failures="1" tests="1" name="Surefire test" time="0.117" errors="0" timestamp="2023-05-05T22:58:39 SAMT">
  <testcase classname="ru.skillfactory.qajava.AppTest" name="testSum" time="0.023">
    <failure type="org.testng.internal.reflect.MethodMatcherException" message="
[void ru.skillfactory.qajava.AppTest.testSum(int,int,int)] has no parameters defined but was found to be using a data provider (either explicitly specified or inherited from class level annotation).
Data provider mismatch
Method: testSum([Parameter{index=0, type=int, declaredAnnotations=[]}, Parameter{index=1, type=int, declaredAnnotations=[]}, Parameter{index=2, type=int, declaredAnnotations=[]}])
Arguments: [(java.lang.Integer) 10,(java.lang.Double) 30.4]">
      <![CDATA[org.testng.internal.reflect.MethodMatcherException: 
[void ru.skillfactory.qajava.AppTest.testSum(int,int,int)] has no parameters defined but was found to be using a data provider (either explicitly specified or inherited from class level annotation).
Data provider mismatch
Method: testSum([Parameter{index=0, type=int, declaredAnnotations=[]}, Parameter{index=1, type=int, declaredAnnotations=[]}, Parameter{index=2, type=int, declaredAnnotations=[]}])
Arguments: [(java.lang.Integer) 10,(java.lang.Double) 30.4]
at java.base/java.util.ArrayList.forEach(ArrayList.java:1511)
... Removed 27 stack frames]]>
    </failure>
  </testcase> <!-- testSum -->
</testsuite> <!-- Surefire test -->
